g++ -c ../src/main.cpp -std=c++11 -ggdb  
In file included from ../src/renderer.h:6:0,
                 from ../src/main.cpp:2:
../src/../../SGV3D/src/camera.h:18:26: error: ‘GLint’ has not been declared
     void UpdateUniforms (GLint const& posIdx, GLint const& dirIdx, GLint const& projIdx, GLint const& viewIdx);
                          ^
../src/../../SGV3D/src/camera.h:18:47: error: ‘GLint’ has not been declared
     void UpdateUniforms (GLint const& posIdx, GLint const& dirIdx, GLint const& projIdx, GLint const& viewIdx);
                                               ^
../src/../../SGV3D/src/camera.h:18:68: error: ‘GLint’ has not been declared
     void UpdateUniforms (GLint const& posIdx, GLint const& dirIdx, GLint const& projIdx, GLint const& viewIdx);
                                                                    ^
../src/../../SGV3D/src/camera.h:18:90: error: ‘GLint’ has not been declared
     void UpdateUniforms (GLint const& posIdx, GLint const& dirIdx, GLint const& projIdx, GLint const& viewIdx);
                                                                                          ^
In file included from ../src/renderer.h:7:0,
                 from ../src/main.cpp:2:
../src/../../SGV3D/src/graphics_internal.h:31:9: error: ‘StrippedGLProgram’ does not name a type
         StrippedGLProgram program;
         ^
../src/../../SGV3D/src/graphics_internal.h:34:32: error: ‘StrippedGLProgram’ has not been declared
         inline bool operator< (StrippedGLProgram const& rhs) {return program < rhs;}
                                ^
../src/../../SGV3D/src/graphics_internal.h:35:33: error: ‘StrippedGLProgram’ has not been declared
         inline bool operator== (StrippedGLProgram const& rhs) {return program == rhs;}
                                 ^
../src/../../SGV3D/src/graphics_internal.h:48:24: error: ‘StrippedGLProgram’ has not been declared
     void CacheProgram (StrippedGLProgram const& program);
                        ^
../src/../../SGV3D/src/graphics_internal.h:49:22: error: ‘StrippedGLProgram’ has not been declared
     bool SetProgram (StrippedGLProgram const& program);
                      ^
../src/../../SGV3D/src/graphics_internal.h:57:12: error: ‘StrippedGLProgram’ does not name a type
     inline StrippedGLProgram const& CurrentProgram () const {return m_curProgram->program;}
            ^
../src/../../SGV3D/src/graphics_internal.h: In member function ‘bool GLInfo::ProgramUniPair::operator<(const int&)’:
../src/../../SGV3D/src/graphics_internal.h:34:70: error: ‘program’ was not declared in this scope
         inline bool operator< (StrippedGLProgram const& rhs) {return program < rhs;}
                                                                      ^
../src/../../SGV3D/src/graphics_internal.h: In member function ‘bool GLInfo::ProgramUniPair::operator==(const int&)’:
../src/../../SGV3D/src/graphics_internal.h:35:71: error: ‘program’ was not declared in this scope
         inline bool operator== (StrippedGLProgram const& rhs) {return program == rhs;}
                                                                       ^
../src/../../SGV3D/src/graphics_internal.h: In member function ‘void GLInfo::UpdateScalarUniform(const GLint&) const’:
../src/../../SGV3D/src/graphics_internal.h:62:100: error: ‘glUniform1f’ was not declared in this scope
     inline void UpdateScalarUniform (GLint const& scalarLoc) const {glUniform1f(scalarLoc, m_scalar);}
                                                                                                    ^
../src/../../SGV3D/src/graphics_internal.h: At global scope:
../src/../../SGV3D/src/graphics_internal.h:77:26: error: ‘StrippedGLProgram’ has not been declared
     virtual bool Render (StrippedGLProgram const& program, GLfloat const (&color)[4]) = 0;
                          ^
../src/../../SGV3D/src/graphics_internal.h:79:25: error: ‘GLProgram’ has not been declared
     bool GetNewProgram (GLProgram& program, const char* const& vertShader, const char* const& fragShader, uint8_t const& meshMask, bool const& isStatic=false);
                         ^
In file included from ../src/renderer.h:7:0,
                 from ../src/main.cpp:2:
../src/../../SGV3D/src/graphics_internal.h:80:23: error: ‘GLProgram’ has not been declared
     bool BindProgram (GLProgram const& program);
                       ^
../src/../../SGV3D/src/graphics_internal.h:81:23: error: ‘StrippedGLProgram’ has not been declared
     bool BindProgram (StrippedGLProgram const& program);
                       ^
../src/../../SGV3D/src/graphics_internal.h:81:10: error: ‘bool GLContext::BindProgram(const int&)’ cannot be overloaded
     bool BindProgram (StrippedGLProgram const& program);
          ^
../src/../../SGV3D/src/graphics_internal.h:80:10: error: with ‘bool GLContext::BindProgram(const int&)’
     bool BindProgram (GLProgram const& program);
          ^
In file included from ../src/renderer.h:7:0,
                 from ../src/main.cpp:2:
../src/../../SGV3D/src/graphics_internal.h: In constructor ‘GLContext::GLContext()’:
../src/../../SGV3D/src/graphics_internal.h:68:35: error: ‘g_GLContextCreated’ was not declared in this scope
     GLContext () : m_done{false} {g_GLContextCreated = true;}
                                   ^
In file included from ../src/renderer.h:7:0,
                 from ../src/main.cpp:2:
../src/../../SGV3D/src/graphics_internal.h: In constructor ‘GLGraphicsManager::GLGraphicsManager()’:
../src/../../SGV3D/src/graphics_internal.h:94:68: error: ‘DEBUG_MSG’ was not declared in this scope
     GLGraphicsManager () {DEBUG_MSG("Constructed GLGraphicsManager");}
                                                                    ^
In file included from ../src/main.cpp:2:0:
../src/renderer.h: At global scope:
../src/renderer.h:15:17: error: ‘GraphMesh’ was not declared in this scope
     std::vector<GraphMesh> m_meshes;
                 ^
../src/renderer.h:15:26: error: template argument 1 is invalid
     std::vector<GraphMesh> m_meshes;
                          ^
../src/renderer.h:15:26: error: template argument 2 is invalid
../src/renderer.h:20:5: error: ‘GLProgram’ does not name a type
     GLProgram* m_curProgPtr;
     ^
../src/renderer.h:33:26: error: ‘StrippedGLProgram’ has not been declared
     virtual bool Render (StrippedGLProgram const& program, GLfloat const (&color)[4]={0.0f,0.0f,0.0f,1.0f}) override;
                          ^
../src/renderer.h:35:29: error: ‘GLProgram’ has not been declared
     inline void SetProgram (GLProgram* prog) {m_curProgPtr = prog;}
                             ^
../src/renderer.h:36:12: error: ‘GLProgram’ does not name a type
     inline GLProgram* GetCurrentProgram () const {return m_curProgPtr;}
            ^
../src/renderer.h:40:21: error: ‘GLProgram’ has not been declared
     void AddEntity (GLProgram& program, Entity* const& ent);
                     ^
../src/renderer.h:41:23: error: ‘GLProgram’ has not been declared
     void AddEntities (GLProgram& program, std::vector<Entity*> const& ents);
                       ^
../src/renderer.h: In member function ‘void Renderer::SetProgram(int*)’:
../src/renderer.h:35:47: error: ‘m_curProgPtr’ was not declared in this scope
     inline void SetProgram (GLProgram* prog) {m_curProgPtr = prog;}
                                               ^
../src/main.cpp: In function ‘Entity MakeSphere(const float&, const float&, const float&, const unsigned int&, const fvec4&, const fvec4&, const fvec3&, const fvec3&)’:
../src/main.cpp:27:20: error: invalid use of incomplete type ‘class Mesh’
     Mesh* mesh{new Mesh};
                    ^
In file included from ../src/main.cpp:1:0:
../src/phys.h:106:7: note: forward declaration of ‘class Mesh’
 class Mesh;
       ^
../src/main.cpp:47:43: error: ‘fcos’ was not declared in this scope
             arma::fvec3 v1{rad*fcos(theta1)*sin(phi1), rad*sin(theta1)*sin(phi1), rad*cos(phi1)}; 
                                           ^
../src/main.cpp:47:96: error: no matching function for call to ‘arma::Col<float>::fixed<3ull>::fixed(<brace-enclosed initializer list>)’
             arma::fvec3 v1{rad*fcos(theta1)*sin(phi1), rad*sin(theta1)*sin(phi1), rad*cos(phi1)}; 
                                                                                                ^
In file included from /usr/include/armadillo:548:0,
                 from ../src/base.h:4,
                 from ../src/phys.h:4,
                 from ../src/main.cpp:1:
/usr/include/armadillo_bits/Col_meat.hpp:1313:3: note: candidate: arma::Col<eT>::fixed<fixed_n_elem>::fixed(const std::initializer_list<_Tp>&) [with long long unsigned int fixed_n_elem = 3ull; eT = float]
   Col<eT>::fixed<fixed_n_elem>::fixed(const std::initializer_list<eT>& list)
   ^
/usr/include/armadillo_bits/Col_meat.hpp:1313:3: note:   candidate expects 1 argument, 3 provided
/usr/include/armadillo_bits/Col_meat.hpp:1221:1: note: candidate: arma::Col<eT>::fixed<fixed_n_elem>::fixed(const string&) [with long long unsigned int fixed_n_elem = 3ull; eT = float; std::__cxx11::string = std::__cxx11::basic_string<char>]
 Col<eT>::fixed<fixed_n_elem>::fixed(const std::string& text)
 ^
/usr/include/armadillo_bits/Col_meat.hpp:1221:1: note:   candidate expects 1 argument, 3 provided
/usr/include/armadillo_bits/Col_meat.hpp:1203:1: note: candidate: arma::Col<eT>::fixed<fixed_n_elem>::fixed(const char*) [with long long unsigned int fixed_n_elem = 3ull; eT = float]
 Col<eT>::fixed<fixed_n_elem>::fixed(const char* text)
 ^
/usr/include/armadillo_bits/Col_meat.hpp:1203:1: note:   candidate expects 1 argument, 3 provided
/usr/include/armadillo_bits/Col_meat.hpp:1185:1: note: candidate: arma::Col<eT>::fixed<fixed_n_elem>::fixed(const eT*) [with long long unsigned int fixed_n_elem = 3ull; eT = float]
 Col<eT>::fixed<fixed_n_elem>::fixed(const eT* aux_mem)
 ^
/usr/include/armadillo_bits/Col_meat.hpp:1185:1: note:   candidate expects 1 argument, 3 provided
In file included from /usr/include/armadillo:155:0,
                 from ../src/base.h:4,
                 from ../src/phys.h:4,
                 from ../src/main.cpp:1:
/usr/include/armadillo_bits/Col_bones.hpp:191:45: note: candidate: template<class T1, class T2> arma::Col<eT>::fixed<fixed_n_elem>::fixed(const arma::Base<typename arma::get_pod_type<eT>::result, T1>&, const arma::Base<typename arma::get_pod_type<eT>::result, T2>&)
   template<typename T1, typename T2> inline fixed(const Base<pod_type,T1>& A, const Base<pod_type,T2>& B);
                                             ^
/usr/include/armadillo_bits/Col_bones.hpp:191:45: note:   template argument deduction/substitution failed:
/usr/include/armadillo_bits/Col_bones.hpp:190:45: note: candidate: template<class T1> arma::Col<eT>::fixed<fixed_n_elem>::fixed(const arma::Base<eT, T1>&)
   template<typename T1>              inline fixed(const Base<eT,T1>& A);
                                             ^
/usr/include/armadillo_bits/Col_bones.hpp:190:45: note:   template argument deduction/substitution failed:
/usr/include/armadillo_bits/Col_bones.hpp:189:45: note: candidate: template<class fill_type> arma::Col<eT>::fixed<fixed_n_elem>::fixed(const arma::fill::fill_class<fill_type>&)
   template<typename fill_type>       inline fixed(const fill::fill_class<fill_type>& f);
                                             ^
/usr/include/armadillo_bits/Col_bones.hpp:189:45: note:   template argument deduction/substitution failed:
In file included from /usr/include/armadillo:548:0,
                 from ../src/base.h:4,
                 from ../src/phys.h:4,
                 from ../src/main.cpp:1:
/usr/include/armadillo_bits/Col_meat.hpp:1126:1: note: candidate: arma::Col<eT>::fixed<fixed_n_elem>::fixed(const arma::subview_cube<eT>&) [with long long unsigned int fixed_n_elem = 3ull; eT = float]
 Col<eT>::fixed<fixed_n_elem>::fixed(const subview_cube<eT>& X)
 ^
/usr/include/armadillo_bits/Col_meat.hpp:1126:1: note:   candidate expects 1 argument, 3 provided
/usr/include/armadillo_bits/Col_meat.hpp:1110:1: note: candidate: arma::Col<eT>::fixed<fixed_n_elem>::fixed(const arma::Col<eT>::fixed<fixed_n_elem>&) [with long long unsigned int fixed_n_elem = 3ull; eT = float]
 Col<eT>::fixed<fixed_n_elem>::fixed(const fixed<fixed_n_elem>& X)
 ^
/usr/include/armadillo_bits/Col_meat.hpp:1110:1: note:   candidate expects 1 argument, 3 provided
/usr/include/armadillo_bits/Col_meat.hpp:1099:1: note: candidate: arma::Col<eT>::fixed<fixed_n_elem>::fixed() [with long long unsigned int fixed_n_elem = 3ull; eT = float]
 Col<eT>::fixed<fixed_n_elem>::fixed()
 ^
/usr/include/armadillo_bits/Col_meat.hpp:1099:1: note:   candidate expects 0 arguments, 3 provided
../src/main.cpp:48:96: error: no matching function for call to ‘arma::Col<float>::fixed<3ull>::fixed(<brace-enclosed initializer list>)’
             arma::fvec3 v2{rad*fcos(theta1)*sin(phi2), rad*sin(theta1)*sin(phi2), rad*cos(phi2)}; 
                                                                                                ^
In file included from /usr/include/armadillo:548:0,
                 from ../src/base.h:4,
                 from ../src/phys.h:4,
                 from ../src/main.cpp:1:
/usr/include/armadillo_bits/Col_meat.hpp:1313:3: note: candidate: arma::Col<eT>::fixed<fixed_n_elem>::fixed(const std::initializer_list<_Tp>&) [with long long unsigned int fixed_n_elem = 3ull; eT = float]
   Col<eT>::fixed<fixed_n_elem>::fixed(const std::initializer_list<eT>& list)
   ^
/usr/include/armadillo_bits/Col_meat.hpp:1313:3: note:   candidate expects 1 argument, 3 provided
/usr/include/armadillo_bits/Col_meat.hpp:1221:1: note: candidate: arma::Col<eT>::fixed<fixed_n_elem>::fixed(const string&) [with long long unsigned int fixed_n_elem = 3ull; eT = float; std::__cxx11::string = std::__cxx11::basic_string<char>]
 Col<eT>::fixed<fixed_n_elem>::fixed(const std::string& text)
 ^
/usr/include/armadillo_bits/Col_meat.hpp:1221:1: note:   candidate expects 1 argument, 3 provided
/usr/include/armadillo_bits/Col_meat.hpp:1203:1: note: candidate: arma::Col<eT>::fixed<fixed_n_elem>::fixed(const char*) [with long long unsigned int fixed_n_elem = 3ull; eT = float]
 Col<eT>::fixed<fixed_n_elem>::fixed(const char* text)
 ^
/usr/include/armadillo_bits/Col_meat.hpp:1203:1: note:   candidate expects 1 argument, 3 provided
/usr/include/armadillo_bits/Col_meat.hpp:1185:1: note: candidate: arma::Col<eT>::fixed<fixed_n_elem>::fixed(const eT*) [with long long unsigned int fixed_n_elem = 3ull; eT = float]
 Col<eT>::fixed<fixed_n_elem>::fixed(const eT* aux_mem)
 ^
/usr/include/armadillo_bits/Col_meat.hpp:1185:1: note:   candidate expects 1 argument, 3 provided
In file included from /usr/include/armadillo:155:0,
                 from ../src/base.h:4,
                 from ../src/phys.h:4,
                 from ../src/main.cpp:1:
/usr/include/armadillo_bits/Col_bones.hpp:191:45: note: candidate: template<class T1, class T2> arma::Col<eT>::fixed<fixed_n_elem>::fixed(const arma::Base<typename arma::get_pod_type<eT>::result, T1>&, const arma::Base<typename arma::get_pod_type<eT>::result, T2>&)
   template<typename T1, typename T2> inline fixed(const Base<pod_type,T1>& A, const Base<pod_type,T2>& B);
                                             ^
/usr/include/armadillo_bits/Col_bones.hpp:191:45: note:   template argument deduction/substitution failed:
/usr/include/armadillo_bits/Col_bones.hpp:190:45: note: candidate: template<class T1> arma::Col<eT>::fixed<fixed_n_elem>::fixed(const arma::Base<eT, T1>&)
   template<typename T1>              inline fixed(const Base<eT,T1>& A);
                                             ^
/usr/include/armadillo_bits/Col_bones.hpp:190:45: note:   template argument deduction/substitution failed:
/usr/include/armadillo_bits/Col_bones.hpp:189:45: note: candidate: template<class fill_type> arma::Col<eT>::fixed<fixed_n_elem>::fixed(const arma::fill::fill_class<fill_type>&)
   template<typename fill_type>       inline fixed(const fill::fill_class<fill_type>& f);
                                             ^
/usr/include/armadillo_bits/Col_bones.hpp:189:45: note:   template argument deduction/substitution failed:
In file included from /usr/include/armadillo:548:0,
                 from ../src/base.h:4,
                 from ../src/phys.h:4,
                 from ../src/main.cpp:1:
/usr/include/armadillo_bits/Col_meat.hpp:1126:1: note: candidate: arma::Col<eT>::fixed<fixed_n_elem>::fixed(const arma::subview_cube<eT>&) [with long long unsigned int fixed_n_elem = 3ull; eT = float]
 Col<eT>::fixed<fixed_n_elem>::fixed(const subview_cube<eT>& X)
 ^
/usr/include/armadillo_bits/Col_meat.hpp:1126:1: note:   candidate expects 1 argument, 3 provided
/usr/include/armadillo_bits/Col_meat.hpp:1110:1: note: candidate: arma::Col<eT>::fixed<fixed_n_elem>::fixed(const arma::Col<eT>::fixed<fixed_n_elem>&) [with long long unsigned int fixed_n_elem = 3ull; eT = float]
 Col<eT>::fixed<fixed_n_elem>::fixed(const fixed<fixed_n_elem>& X)
 ^
/usr/include/armadillo_bits/Col_meat.hpp:1110:1: note:   candidate expects 1 argument, 3 provided
/usr/include/armadillo_bits/Col_meat.hpp:1099:1: note: candidate: arma::Col<eT>::fixed<fixed_n_elem>::fixed() [with long long unsigned int fixed_n_elem = 3ull; eT = float]
 Col<eT>::fixed<fixed_n_elem>::fixed()
 ^
/usr/include/armadillo_bits/Col_meat.hpp:1099:1: note:   candidate expects 0 arguments, 3 provided
../src/main.cpp:49:96: error: no matching function for call to ‘arma::Col<float>::fixed<3ull>::fixed(<brace-enclosed initializer list>)’
             arma::fvec3 v3{rad*fcos(theta2)*sin(phi2), rad*sin(theta2)*sin(phi2), rad*cos(phi2)}; 
                                                                                                ^
In file included from /usr/include/armadillo:548:0,
                 from ../src/base.h:4,
                 from ../src/phys.h:4,
                 from ../src/main.cpp:1:
/usr/include/armadillo_bits/Col_meat.hpp:1313:3: note: candidate: arma::Col<eT>::fixed<fixed_n_elem>::fixed(const std::initializer_list<_Tp>&) [with long long unsigned int fixed_n_elem = 3ull; eT = float]
   Col<eT>::fixed<fixed_n_elem>::fixed(const std::initializer_list<eT>& list)
   ^
/usr/include/armadillo_bits/Col_meat.hpp:1313:3: note:   candidate expects 1 argument, 3 provided
/usr/include/armadillo_bits/Col_meat.hpp:1221:1: note: candidate: arma::Col<eT>::fixed<fixed_n_elem>::fixed(const string&) [with long long unsigned int fixed_n_elem = 3ull; eT = float; std::__cxx11::string = std::__cxx11::basic_string<char>]
 Col<eT>::fixed<fixed_n_elem>::fixed(const std::string& text)
 ^
/usr/include/armadillo_bits/Col_meat.hpp:1221:1: note:   candidate expects 1 argument, 3 provided
/usr/include/armadillo_bits/Col_meat.hpp:1203:1: note: candidate: arma::Col<eT>::fixed<fixed_n_elem>::fixed(const char*) [with long long unsigned int fixed_n_elem = 3ull; eT = float]
 Col<eT>::fixed<fixed_n_elem>::fixed(const char* text)
 ^
/usr/include/armadillo_bits/Col_meat.hpp:1203:1: note:   candidate expects 1 argument, 3 provided
/usr/include/armadillo_bits/Col_meat.hpp:1185:1: note: candidate: arma::Col<eT>::fixed<fixed_n_elem>::fixed(const eT*) [with long long unsigned int fixed_n_elem = 3ull; eT = float]
 Col<eT>::fixed<fixed_n_elem>::fixed(const eT* aux_mem)
 ^
/usr/include/armadillo_bits/Col_meat.hpp:1185:1: note:   candidate expects 1 argument, 3 provided
In file included from /usr/include/armadillo:155:0,
                 from ../src/base.h:4,
                 from ../src/phys.h:4,
                 from ../src/main.cpp:1:
/usr/include/armadillo_bits/Col_bones.hpp:191:45: note: candidate: template<class T1, class T2> arma::Col<eT>::fixed<fixed_n_elem>::fixed(const arma::Base<typename arma::get_pod_type<eT>::result, T1>&, const arma::Base<typename arma::get_pod_type<eT>::result, T2>&)
   template<typename T1, typename T2> inline fixed(const Base<pod_type,T1>& A, const Base<pod_type,T2>& B);
                                             ^
/usr/include/armadillo_bits/Col_bones.hpp:191:45: note:   template argument deduction/substitution failed:
/usr/include/armadillo_bits/Col_bones.hpp:190:45: note: candidate: template<class T1> arma::Col<eT>::fixed<fixed_n_elem>::fixed(const arma::Base<eT, T1>&)
   template<typename T1>              inline fixed(const Base<eT,T1>& A);
                                             ^
/usr/include/armadillo_bits/Col_bones.hpp:190:45: note:   template argument deduction/substitution failed:
/usr/include/armadillo_bits/Col_bones.hpp:189:45: note: candidate: template<class fill_type> arma::Col<eT>::fixed<fixed_n_elem>::fixed(const arma::fill::fill_class<fill_type>&)
   template<typename fill_type>       inline fixed(const fill::fill_class<fill_type>& f);
                                             ^
/usr/include/armadillo_bits/Col_bones.hpp:189:45: note:   template argument deduction/substitution failed:
In file included from /usr/include/armadillo:548:0,
                 from ../src/base.h:4,
                 from ../src/phys.h:4,
                 from ../src/main.cpp:1:
/usr/include/armadillo_bits/Col_meat.hpp:1126:1: note: candidate: arma::Col<eT>::fixed<fixed_n_elem>::fixed(const arma::subview_cube<eT>&) [with long long unsigned int fixed_n_elem = 3ull; eT = float]
 Col<eT>::fixed<fixed_n_elem>::fixed(const subview_cube<eT>& X)
 ^
/usr/include/armadillo_bits/Col_meat.hpp:1126:1: note:   candidate expects 1 argument, 3 provided
/usr/include/armadillo_bits/Col_meat.hpp:1110:1: note: candidate: arma::Col<eT>::fixed<fixed_n_elem>::fixed(const arma::Col<eT>::fixed<fixed_n_elem>&) [with long long unsigned int fixed_n_elem = 3ull; eT = float]
 Col<eT>::fixed<fixed_n_elem>::fixed(const fixed<fixed_n_elem>& X)
 ^
/usr/include/armadillo_bits/Col_meat.hpp:1110:1: note:   candidate expects 1 argument, 3 provided
/usr/include/armadillo_bits/Col_meat.hpp:1099:1: note: candidate: arma::Col<eT>::fixed<fixed_n_elem>::fixed() [with long long unsigned int fixed_n_elem = 3ull; eT = float]
 Col<eT>::fixed<fixed_n_elem>::fixed()
 ^
/usr/include/armadillo_bits/Col_meat.hpp:1099:1: note:   candidate expects 0 arguments, 3 provided
../src/main.cpp:50:96: error: no matching function for call to ‘arma::Col<float>::fixed<3ull>::fixed(<brace-enclosed initializer list>)’
             arma::fvec3 v4{rad*fcos(theta2)*sin(phi1), rad*sin(theta2)*sin(phi1), rad*cos(phi1)}; 
                                                                                                ^
In file included from /usr/include/armadillo:548:0,
                 from ../src/base.h:4,
                 from ../src/phys.h:4,
                 from ../src/main.cpp:1:
/usr/include/armadillo_bits/Col_meat.hpp:1313:3: note: candidate: arma::Col<eT>::fixed<fixed_n_elem>::fixed(const std::initializer_list<_Tp>&) [with long long unsigned int fixed_n_elem = 3ull; eT = float]
   Col<eT>::fixed<fixed_n_elem>::fixed(const std::initializer_list<eT>& list)
   ^
/usr/include/armadillo_bits/Col_meat.hpp:1313:3: note:   candidate expects 1 argument, 3 provided
/usr/include/armadillo_bits/Col_meat.hpp:1221:1: note: candidate: arma::Col<eT>::fixed<fixed_n_elem>::fixed(const string&) [with long long unsigned int fixed_n_elem = 3ull; eT = float; std::__cxx11::string = std::__cxx11::basic_string<char>]
 Col<eT>::fixed<fixed_n_elem>::fixed(const std::string& text)
 ^
/usr/include/armadillo_bits/Col_meat.hpp:1221:1: note:   candidate expects 1 argument, 3 provided
/usr/include/armadillo_bits/Col_meat.hpp:1203:1: note: candidate: arma::Col<eT>::fixed<fixed_n_elem>::fixed(const char*) [with long long unsigned int fixed_n_elem = 3ull; eT = float]
 Col<eT>::fixed<fixed_n_elem>::fixed(const char* text)
 ^
/usr/include/armadillo_bits/Col_meat.hpp:1203:1: note:   candidate expects 1 argument, 3 provided
/usr/include/armadillo_bits/Col_meat.hpp:1185:1: note: candidate: arma::Col<eT>::fixed<fixed_n_elem>::fixed(const eT*) [with long long unsigned int fixed_n_elem = 3ull; eT = float]
 Col<eT>::fixed<fixed_n_elem>::fixed(const eT* aux_mem)
 ^
/usr/include/armadillo_bits/Col_meat.hpp:1185:1: note:   candidate expects 1 argument, 3 provided
In file included from /usr/include/armadillo:155:0,
                 from ../src/base.h:4,
                 from ../src/phys.h:4,
                 from ../src/main.cpp:1:
/usr/include/armadillo_bits/Col_bones.hpp:191:45: note: candidate: template<class T1, class T2> arma::Col<eT>::fixed<fixed_n_elem>::fixed(const arma::Base<typename arma::get_pod_type<eT>::result, T1>&, const arma::Base<typename arma::get_pod_type<eT>::result, T2>&)
   template<typename T1, typename T2> inline fixed(const Base<pod_type,T1>& A, const Base<pod_type,T2>& B);
                                             ^
/usr/include/armadillo_bits/Col_bones.hpp:191:45: note:   template argument deduction/substitution failed:
/usr/include/armadillo_bits/Col_bones.hpp:190:45: note: candidate: template<class T1> arma::Col<eT>::fixed<fixed_n_elem>::fixed(const arma::Base<eT, T1>&)
   template<typename T1>              inline fixed(const Base<eT,T1>& A);
                                             ^
/usr/include/armadillo_bits/Col_bones.hpp:190:45: note:   template argument deduction/substitution failed:
/usr/include/armadillo_bits/Col_bones.hpp:189:45: note: candidate: template<class fill_type> arma::Col<eT>::fixed<fixed_n_elem>::fixed(const arma::fill::fill_class<fill_type>&)
   template<typename fill_type>       inline fixed(const fill::fill_class<fill_type>& f);
                                             ^
/usr/include/armadillo_bits/Col_bones.hpp:189:45: note:   template argument deduction/substitution failed:
In file included from /usr/include/armadillo:548:0,
                 from ../src/base.h:4,
                 from ../src/phys.h:4,
                 from ../src/main.cpp:1:
/usr/include/armadillo_bits/Col_meat.hpp:1126:1: note: candidate: arma::Col<eT>::fixed<fixed_n_elem>::fixed(const arma::subview_cube<eT>&) [with long long unsigned int fixed_n_elem = 3ull; eT = float]
 Col<eT>::fixed<fixed_n_elem>::fixed(const subview_cube<eT>& X)
 ^
/usr/include/armadillo_bits/Col_meat.hpp:1126:1: note:   candidate expects 1 argument, 3 provided
/usr/include/armadillo_bits/Col_meat.hpp:1110:1: note: candidate: arma::Col<eT>::fixed<fixed_n_elem>::fixed(const arma::Col<eT>::fixed<fixed_n_elem>&) [with long long unsigned int fixed_n_elem = 3ull; eT = float]
 Col<eT>::fixed<fixed_n_elem>::fixed(const fixed<fixed_n_elem>& X)
 ^
/usr/include/armadillo_bits/Col_meat.hpp:1110:1: note:   candidate expects 1 argument, 3 provided
/usr/include/armadillo_bits/Col_meat.hpp:1099:1: note: candidate: arma::Col<eT>::fixed<fixed_n_elem>::fixed() [with long long unsigned int fixed_n_elem = 3ull; eT = float]
 Col<eT>::fixed<fixed_n_elem>::fixed()
 ^
/usr/include/armadillo_bits/Col_meat.hpp:1099:1: note:   candidate expects 0 arguments, 3 provided
../src/main.cpp:53:41: warning: narrowing conversion of ‘(cos(((double)thetaAvg)) * sin(((double)phiAvg)))’ from ‘double’ to ‘float’ inside { } [-Wnarrowing]
             arma::fvec3 nm{cos(thetaAvg)*sin(phiAvg), sin(thetaAvg)*sin(phiAvg), cos(phiAvg)};
                                         ^
../src/main.cpp:53:41: warning: narrowing conversion of ‘(cos(((double)thetaAvg)) * sin(((double)phiAvg)))’ from ‘double’ to ‘float’ inside { } [-Wnarrowing]
../src/main.cpp:53:68: warning: narrowing conversion of ‘(sin(((double)thetaAvg)) * sin(((double)phiAvg)))’ from ‘double’ to ‘float’ inside { } [-Wnarrowing]
             arma::fvec3 nm{cos(thetaAvg)*sin(phiAvg), sin(thetaAvg)*sin(phiAvg), cos(phiAvg)};
                                                                    ^
../src/main.cpp:53:68: warning: narrowing conversion of ‘(sin(((double)thetaAvg)) * sin(((double)phiAvg)))’ from ‘double’ to ‘float’ inside { } [-Wnarrowing]
../src/main.cpp:53:85: warning: narrowing conversion of ‘cos(((double)phiAvg))’ from ‘double’ to ‘float’ inside { } [-Wnarrowing]
             arma::fvec3 nm{cos(thetaAvg)*sin(phiAvg), sin(thetaAvg)*sin(phiAvg), cos(phiAvg)};
                                                                                     ^
../src/main.cpp:53:85: warning: narrowing conversion of ‘cos(((double)phiAvg))’ from ‘double’ to ‘float’ inside { } [-Wnarrowing]
../src/main.cpp:56:17: error: invalid use of incomplete type ‘class Mesh’
             mesh->normals.insert(mesh->normals.end(), 6, nm);
                 ^
In file included from ../src/main.cpp:1:0:
../src/phys.h:106:7: note: forward declaration of ‘class Mesh’
 class Mesh;
       ^
../src/main.cpp:56:38: error: invalid use of incomplete type ‘class Mesh’
             mesh->normals.insert(mesh->normals.end(), 6, nm);
                                      ^
In file included from ../src/main.cpp:1:0:
../src/phys.h:106:7: note: forward declaration of ‘class Mesh’
 class Mesh;
       ^
../src/main.cpp:57:17: error: invalid use of incomplete type ‘class Mesh’
             mesh->colors.insert(mesh->colors.end(), 6, color); 
                 ^
In file included from ../src/main.cpp:1:0:
../src/phys.h:106:7: note: forward declaration of ‘class Mesh’
 class Mesh;
       ^
../src/main.cpp:57:37: error: invalid use of incomplete type ‘class Mesh’
             mesh->colors.insert(mesh->colors.end(), 6, color); 
                                     ^
In file included from ../src/main.cpp:1:0:
../src/phys.h:106:7: note: forward declaration of ‘class Mesh’
 class Mesh;
       ^
../src/main.cpp:8:21: error: invalid use of incomplete type ‘class Mesh’
 #define VERT(v) mesh->positions.push_back(std::move(v)) 
                     ^
../src/main.cpp:59:13: note: in expansion of macro ‘VERT’
             VERT(v1); VERT(v2); VERT(v4);
             ^
In file included from ../src/main.cpp:1:0:
../src/phys.h:106:7: note: forward declaration of ‘class Mesh’
 class Mesh;
       ^
../src/main.cpp:8:21: error: invalid use of incomplete type ‘class Mesh’
 #define VERT(v) mesh->positions.push_back(std::move(v)) 
                     ^
../src/main.cpp:59:23: note: in expansion of macro ‘VERT’
             VERT(v1); VERT(v2); VERT(v4);
                       ^
In file included from ../src/main.cpp:1:0:
../src/phys.h:106:7: note: forward declaration of ‘class Mesh’
 class Mesh;
       ^
../src/main.cpp:8:21: error: invalid use of incomplete type ‘class Mesh’
 #define VERT(v) mesh->positions.push_back(std::move(v)) 
                     ^
../src/main.cpp:59:33: note: in expansion of macro ‘VERT’
             VERT(v1); VERT(v2); VERT(v4);
                                 ^
In file included from ../src/main.cpp:1:0:
../src/phys.h:106:7: note: forward declaration of ‘class Mesh’
 class Mesh;
       ^
../src/main.cpp:8:21: error: invalid use of incomplete type ‘class Mesh’
 #define VERT(v) mesh->positions.push_back(std::move(v)) 
                     ^
../src/main.cpp:60:13: note: in expansion of macro ‘VERT’
             VERT(v2); VERT(v3); VERT(v4);
             ^
In file included from ../src/main.cpp:1:0:
../src/phys.h:106:7: note: forward declaration of ‘class Mesh’
 class Mesh;
       ^
../src/main.cpp:8:21: error: invalid use of incomplete type ‘class Mesh’
 #define VERT(v) mesh->positions.push_back(std::move(v)) 
                     ^
../src/main.cpp:60:23: note: in expansion of macro ‘VERT’
             VERT(v2); VERT(v3); VERT(v4);
                       ^
In file included from ../src/main.cpp:1:0:
../src/phys.h:106:7: note: forward declaration of ‘class Mesh’
 class Mesh;
       ^
../src/main.cpp:8:21: error: invalid use of incomplete type ‘class Mesh’
 #define VERT(v) mesh->positions.push_back(std::move(v)) 
                     ^
../src/main.cpp:60:33: note: in expansion of macro ‘VERT’
             VERT(v2); VERT(v3); VERT(v4);
                                 ^
In file included from ../src/main.cpp:1:0:
../src/phys.h:106:7: note: forward declaration of ‘class Mesh’
 class Mesh;
       ^
../src/main.cpp: In function ‘void KeyCallback(GLFWwindow*, int, int, int, int)’:
../src/main.cpp:81:9: error: ‘GLProgram’ was not declared in this scope
         GLProgram* curProgram{windowPtr->GetCurrentProgram()};
         ^
../src/main.cpp:81:20: error: ‘curProgram’ was not declared in this scope
         GLProgram* curProgram{windowPtr->GetCurrentProgram()};
                    ^
../src/main.cpp:94:158: error: no matching function for call to ‘arma::Col<float>::fixed<3ull>::fixed(float, float, float)’
                 Entity* ent{new Entity{MakeSphere(30.0f, 1.0f, 1.0f, 30, {1.0f, 1.0f, 1.0f, 1.0f}, {1.0f, 0.0f, 0.0f, 1.0f}, pos+arma::fvec3(0.0f, 0.0f, 0.0f), shootDir)}};
                                                                                                                                                              ^
In file included from /usr/include/armadillo:548:0,
                 from ../src/base.h:4,
                 from ../src/phys.h:4,
                 from ../src/main.cpp:1:
/usr/include/armadillo_bits/Col_meat.hpp:1313:3: note: candidate: arma::Col<eT>::fixed<fixed_n_elem>::fixed(const std::initializer_list<_Tp>&) [with long long unsigned int fixed_n_elem = 3ull; eT = float]
   Col<eT>::fixed<fixed_n_elem>::fixed(const std::initializer_list<eT>& list)
   ^
/usr/include/armadillo_bits/Col_meat.hpp:1313:3: note:   candidate expects 1 argument, 3 provided
/usr/include/armadillo_bits/Col_meat.hpp:1221:1: note: candidate: arma::Col<eT>::fixed<fixed_n_elem>::fixed(const string&) [with long long unsigned int fixed_n_elem = 3ull; eT = float; std::__cxx11::string = std::__cxx11::basic_string<char>]
 Col<eT>::fixed<fixed_n_elem>::fixed(const std::string& text)
 ^
/usr/include/armadillo_bits/Col_meat.hpp:1221:1: note:   candidate expects 1 argument, 3 provided
/usr/include/armadillo_bits/Col_meat.hpp:1203:1: note: candidate: arma::Col<eT>::fixed<fixed_n_elem>::fixed(const char*) [with long long unsigned int fixed_n_elem = 3ull; eT = float]
 Col<eT>::fixed<fixed_n_elem>::fixed(const char* text)
 ^
/usr/include/armadillo_bits/Col_meat.hpp:1203:1: note:   candidate expects 1 argument, 3 provided
/usr/include/armadillo_bits/Col_meat.hpp:1185:1: note: candidate: arma::Col<eT>::fixed<fixed_n_elem>::fixed(const eT*) [with long long unsigned int fixed_n_elem = 3ull; eT = float]
 Col<eT>::fixed<fixed_n_elem>::fixed(const eT* aux_mem)
 ^
/usr/include/armadillo_bits/Col_meat.hpp:1185:1: note:   candidate expects 1 argument, 3 provided
In file included from /usr/include/armadillo:155:0,
                 from ../src/base.h:4,
                 from ../src/phys.h:4,
                 from ../src/main.cpp:1:
/usr/include/armadillo_bits/Col_bones.hpp:191:45: note: candidate: template<class T1, class T2> arma::Col<eT>::fixed<fixed_n_elem>::fixed(const arma::Base<typename arma::get_pod_type<eT>::result, T1>&, const arma::Base<typename arma::get_pod_type<eT>::result, T2>&)
   template<typename T1, typename T2> inline fixed(const Base<pod_type,T1>& A, const Base<pod_type,T2>& B);
                                             ^
/usr/include/armadillo_bits/Col_bones.hpp:191:45: note:   template argument deduction/substitution failed:
../src/main.cpp:94:158: note:   mismatched types ‘const arma::Base<float, T1>’ and ‘float’
                 Entity* ent{new Entity{MakeSphere(30.0f, 1.0f, 1.0f, 30, {1.0f, 1.0f, 1.0f, 1.0f}, {1.0f, 0.0f, 0.0f, 1.0f}, pos+arma::fvec3(0.0f, 0.0f, 0.0f), shootDir)}};
                                                                                                                                                              ^
In file included from /usr/include/armadillo:155:0,
                 from ../src/base.h:4,
                 from ../src/phys.h:4,
                 from ../src/main.cpp:1:
/usr/include/armadillo_bits/Col_bones.hpp:190:45: note: candidate: template<class T1> arma::Col<eT>::fixed<fixed_n_elem>::fixed(const arma::Base<eT, T1>&)
   template<typename T1>              inline fixed(const Base<eT,T1>& A);
                                             ^
/usr/include/armadillo_bits/Col_bones.hpp:190:45: note:   template argument deduction/substitution failed:
../src/main.cpp:94:158: note:   mismatched types ‘const arma::Base<float, T1>’ and ‘float’
                 Entity* ent{new Entity{MakeSphere(30.0f, 1.0f, 1.0f, 30, {1.0f, 1.0f, 1.0f, 1.0f}, {1.0f, 0.0f, 0.0f, 1.0f}, pos+arma::fvec3(0.0f, 0.0f, 0.0f), shootDir)}};
                                                                                                                                                              ^
In file included from /usr/include/armadillo:155:0,
                 from ../src/base.h:4,
                 from ../src/phys.h:4,
                 from ../src/main.cpp:1:
/usr/include/armadillo_bits/Col_bones.hpp:189:45: note: candidate: template<class fill_type> arma::Col<eT>::fixed<fixed_n_elem>::fixed(const arma::fill::fill_class<fill_type>&)
   template<typename fill_type>       inline fixed(const fill::fill_class<fill_type>& f);
                                             ^
/usr/include/armadillo_bits/Col_bones.hpp:189:45: note:   template argument deduction/substitution failed:
../src/main.cpp:94:158: note:   mismatched types ‘const arma::fill::fill_class<fill_type>’ and ‘float’
                 Entity* ent{new Entity{MakeSphere(30.0f, 1.0f, 1.0f, 30, {1.0f, 1.0f, 1.0f, 1.0f}, {1.0f, 0.0f, 0.0f, 1.0f}, pos+arma::fvec3(0.0f, 0.0f, 0.0f), shootDir)}};
                                                                                                                                                              ^
In file included from /usr/include/armadillo:548:0,
                 from ../src/base.h:4,
                 from ../src/phys.h:4,
                 from ../src/main.cpp:1:
/usr/include/armadillo_bits/Col_meat.hpp:1126:1: note: candidate: arma::Col<eT>::fixed<fixed_n_elem>::fixed(const arma::subview_cube<eT>&) [with long long unsigned int fixed_n_elem = 3ull; eT = float]
 Col<eT>::fixed<fixed_n_elem>::fixed(const subview_cube<eT>& X)
 ^
/usr/include/armadillo_bits/Col_meat.hpp:1126:1: note:   candidate expects 1 argument, 3 provided
/usr/include/armadillo_bits/Col_meat.hpp:1110:1: note: candidate: arma::Col<eT>::fixed<fixed_n_elem>::fixed(const arma::Col<eT>::fixed<fixed_n_elem>&) [with long long unsigned int fixed_n_elem = 3ull; eT = float]
 Col<eT>::fixed<fixed_n_elem>::fixed(const fixed<fixed_n_elem>& X)
 ^
/usr/include/armadillo_bits/Col_meat.hpp:1110:1: note:   candidate expects 1 argument, 3 provided
/usr/include/armadillo_bits/Col_meat.hpp:1099:1: note: candidate: arma::Col<eT>::fixed<fixed_n_elem>::fixed() [with long long unsigned int fixed_n_elem = 3ull; eT = float]
 Col<eT>::fixed<fixed_n_elem>::fixed()
 ^
/usr/include/armadillo_bits/Col_meat.hpp:1099:1: note:   candidate expects 0 arguments, 3 provided
../src/main.cpp:94:170: error: no matching function for call to ‘Entity::Entity(<brace-enclosed initializer list>)’
                 Entity* ent{new Entity{MakeSphere(30.0f, 1.0f, 1.0f, 30, {1.0f, 1.0f, 1.0f, 1.0f}, {1.0f, 0.0f, 0.0f, 1.0f}, pos+arma::fvec3(0.0f, 0.0f, 0.0f), shootDir)}};
                                                                                                                                                                          ^
In file included from ../src/main.cpp:1:0:
../src/phys.h:115:5: note: candidate: Entity::Entity(RigidBody*, Mesh*)
     Entity (RigidBody* rb, Mesh* mesh) : m_rb{rb}, m_mesh{mesh} {}
     ^
../src/phys.h:115:5: note:   candidate expects 2 arguments, 1 provided
../src/phys.h:108:7: note: candidate: constexpr Entity::Entity(const Entity&)
 class Entity
       ^
../src/phys.h:108:7: note:   conversion of argument 1 would be ill-formed:
../src/phys.h:108:7: note: candidate: constexpr Entity::Entity(Entity&&)
../src/phys.h:108:7: note:   conversion of argument 1 would be ill-formed:
../src/main.cpp: In function ‘void MouseCallback(GLFWwindow*, int, int, int)’:
../src/main.cpp:136:9: error: ‘GLProgram’ was not declared in this scope
         GLProgram* curProgram{windowPtr->GetCurrentProgram()};
         ^
../src/main.cpp:136:20: error: ‘curProgram’ was not declared in this scope
         GLProgram* curProgram{windowPtr->GetCurrentProgram()};
                    ^
../src/main.cpp:147:135: error: invalid initialization of reference of type ‘const fvec3& {aka const arma::Col<float>::fixed<3ull>&}’ from expression of type ‘const vec3 {aka const glm::tvec3<float, (glm::precision)0u>}’
             Entity* ent{new Entity{MakeSphere(30.0f, 1.0f, 1.0f, 30, {1.0f, 1.0f, 1.0f, 1.0f}, {1.0f, 0.0f, 0.0f, 1.0f}, pos, shootDir)}};
                                                                                                                                       ^
../src/main.cpp:10:8: note: in passing argument 7 of ‘Entity MakeSphere(const float&, const float&, const float&, const unsigned int&, const fvec4&, const fvec4&, const fvec3&, const fvec3&)’
 Entity MakeSphere (float const& mass, 
        ^
../src/main.cpp:147:136: error: no matching function for call to ‘Entity::Entity(<brace-enclosed initializer list>)’
             Entity* ent{new Entity{MakeSphere(30.0f, 1.0f, 1.0f, 30, {1.0f, 1.0f, 1.0f, 1.0f}, {1.0f, 0.0f, 0.0f, 1.0f}, pos, shootDir)}};
                                                                                                                                        ^
In file included from ../src/main.cpp:1:0:
../src/phys.h:115:5: note: candidate: Entity::Entity(RigidBody*, Mesh*)
     Entity (RigidBody* rb, Mesh* mesh) : m_rb{rb}, m_mesh{mesh} {}
     ^
../src/phys.h:115:5: note:   candidate expects 2 arguments, 1 provided
../src/phys.h:108:7: note: candidate: constexpr Entity::Entity(const Entity&)
 class Entity
       ^
../src/phys.h:108:7: note:   conversion of argument 1 would be ill-formed:
../src/phys.h:108:7: note: candidate: constexpr Entity::Entity(Entity&&)
../src/phys.h:108:7: note:   conversion of argument 1 would be ill-formed:
../src/main.cpp: In function ‘std::vector<Entity*> Stack(const int&, const float&, const float&, const vec3&)’:
../src/main.cpp:184:40: error: invalid initialization of reference of type ‘const fvec4& {aka const arma::Col<float>::fixed<4ull>&}’ from expression of type ‘glm::vec4 {aka glm::tvec4<float, (glm::precision)0u>}’
                         RainbowColoring(fmod(sin(sclr *  i   /(GLfloat)n), 1.0f)), 
                                        ^
../src/main.cpp:10:8: note: in passing argument 5 of ‘Entity MakeSphere(const float&, const float&, const float&, const unsigned int&, const fvec4&, const fvec4&, const fvec3&, const fvec3&)’
 Entity MakeSphere (float const& mass, 
        ^
../src/main.cpp:187:82: error: no matching function for call to ‘Entity::Entity(<brace-enclosed initializer list>)’
                                             0.0f, rad*(sep+2.0f)*i*cos(M_PI/6)) )}); 
                                                                                  ^
In file included from ../src/main.cpp:1:0:
../src/phys.h:115:5: note: candidate: Entity::Entity(RigidBody*, Mesh*)
     Entity (RigidBody* rb, Mesh* mesh) : m_rb{rb}, m_mesh{mesh} {}
     ^
../src/phys.h:115:5: note:   candidate expects 2 arguments, 1 provided
../src/phys.h:108:7: note: candidate: constexpr Entity::Entity(const Entity&)
 class Entity
       ^
../src/phys.h:108:7: note:   conversion of argument 1 would be ill-formed:
../src/phys.h:108:7: note: candidate: constexpr Entity::Entity(Entity&&)
../src/phys.h:108:7: note:   conversion of argument 1 would be ill-formed:
../src/main.cpp: In function ‘std::vector<Entity*> Square(const int&, const float&, const float&, const vec3&)’:
../src/main.cpp:203:40: error: invalid initialization of reference of type ‘const fvec4& {aka const arma::Col<float>::fixed<4ull>&}’ from expression of type ‘glm::vec4 {aka glm::tvec4<float, (glm::precision)0u>}’
                         RainbowColoring(fmod(sin(sclr *  i   /(GLfloat)n), 1.0f)),
                                        ^
../src/main.cpp:10:8: note: in passing argument 5 of ‘Entity MakeSphere(const float&, const float&, const float&, const unsigned int&, const fvec4&, const fvec4&, const fvec3&, const fvec3&)’
 Entity MakeSphere (float const& mass, 
        ^
../src/main.cpp:206:70: error: no matching function for call to ‘Entity::Entity(<brace-enclosed initializer list>)’
                                             0.0f, rad*(sep+2.0f)*i) )}); 
                                                                      ^
In file included from ../src/main.cpp:1:0:
../src/phys.h:115:5: note: candidate: Entity::Entity(RigidBody*, Mesh*)
     Entity (RigidBody* rb, Mesh* mesh) : m_rb{rb}, m_mesh{mesh} {}
     ^
../src/phys.h:115:5: note:   candidate expects 2 arguments, 1 provided
../src/phys.h:108:7: note: candidate: constexpr Entity::Entity(const Entity&)
 class Entity
       ^
../src/phys.h:108:7: note:   conversion of argument 1 would be ill-formed:
../src/phys.h:108:7: note: candidate: constexpr Entity::Entity(Entity&&)
../src/phys.h:108:7: note:   conversion of argument 1 would be ill-formed:
../src/main.cpp: In function ‘int main()’:
../src/main.cpp:245:5: error: ‘GLProgram’ was not declared in this scope
     GLProgram program;
     ^
../src/main.cpp:246:28: error: ‘program’ was not declared in this scope
     renderer.GetNewProgram(program, "../src/Shaders/vert_simple.glsl", "../src/Shaders/frag_simple.glsl", SGV_POSITION | SGV_NORMAL | SGV_COLOR);
                            ^
../src/main.cpp:246:107: error: ‘SGV_POSITION’ was not declared in this scope
     renderer.GetNewProgram(program, "../src/Shaders/vert_simple.glsl", "../src/Shaders/frag_simple.glsl", SGV_POSITION | SGV_NORMAL | SGV_COLOR);
                                                                                                           ^
../src/main.cpp:246:122: error: ‘SGV_NORMAL’ was not declared in this scope
     renderer.GetNewProgram(program, "../src/Shaders/vert_simple.glsl", "../src/Shaders/frag_simple.glsl", SGV_POSITION | SGV_NORMAL | SGV_COLOR);
                                                                                                                          ^
../src/main.cpp:246:135: error: ‘SGV_COLOR’ was not declared in this scope
     renderer.GetNewProgram(program, "../src/Shaders/vert_simple.glsl", "../src/Shaders/frag_simple.glsl", SGV_POSITION | SGV_NORMAL | SGV_COLOR);
                                                                                                                                       ^
../src/main.cpp:297:16: error: ‘class Engine’ has no member named ‘SolveConstraints’
         engine.SolveConstraints(dt);
                ^
In file included from /usr/local/include/glm/detail/func_common.hpp:426:0,
                 from /usr/local/include/glm/detail/func_geometric.inl:5,
                 from /usr/local/include/glm/detail/func_geometric.hpp:113,
                 from /usr/local/include/glm/geometric.hpp:6,
                 from /usr/local/include/glm/detail/func_matrix.inl:4,
                 from /usr/local/include/glm/detail/func_matrix.hpp:149,
                 from /usr/local/include/glm/detail/type_mat4x4.inl:4,
                 from /usr/local/include/glm/detail/type_mat4x4.hpp:194,
                 from /usr/local/include/glm/mat4x4.hpp:6,
                 from /usr/local/include/glm/gtc/matrix_transform.hpp:24,
                 from ../src/../../SGV3D/src/camera.h:5,
                 from ../src/renderer.h:6,
                 from ../src/main.cpp:2:
/usr/local/include/glm/detail/func_common.inl: In instantiation of ‘static T glm::detail::compute_mix<T, U>::call(const T&, const T&, const U&) [with T = arma::Col<float>::fixed<4ull>; U = float]’:
/usr/local/include/glm/detail/func_common.inl:566:55:   required from ‘genTypeT glm::mix(genTypeT, genTypeT, genTypeU) [with genTypeT = arma::Col<float>::fixed<4ull>; genTypeU = float]’
../src/main.cpp:54:85:   required from here
/usr/local/include/glm/detail/func_common.inl:169:44: error: invalid static_cast from type ‘const arma::Col<float>::fixed<4ull>’ to type ‘float’
    return static_cast<T>(static_cast<U>(x) + a * static_cast<U>(y - x));
                                            ^
/usr/local/include/glm/detail/func_common.inl:169:48: error: invalid static_cast from type ‘arma::enable_if2<true, const arma::eGlue<arma::Col<float>::fixed<4ull>, arma::Col<float>::fixed<4ull>, arma::eglue_minus> >::result {aka const arma::eGlue<arma::Col<float>::fixed<4ull>, arma::Col<float>::fixed<4ull>, arma::eglue_minus>}’ to type ‘float’
    return static_cast<T>(static_cast<U>(x) + a * static_cast<U>(y - x));
                                                ^
In file included from /usr/include/c++/5/memory:81:0,
                 from ../src/phys.h:9,
                 from ../src/main.cpp:1:
/usr/include/c++/5/bits/unique_ptr.h: In instantiation of ‘void std::default_delete<_Tp>::operator()(_Tp*) const [with _Tp = ConstraintSolver]’:
/usr/include/c++/5/bits/unique_ptr.h:236:17:   required from ‘std::unique_ptr<_Tp, _Dp>::~unique_ptr() [with _Tp = ConstraintSolver; _Dp = std::default_delete<ConstraintSolver>]’
../src/phys.h:176:7:   required from here
/usr/include/c++/5/bits/unique_ptr.h:74:22: error: invalid application of ‘sizeof’ to incomplete type ‘ConstraintSolver’
  static_assert(sizeof(_Tp)>0,
                      ^
makefile:10: recipe for target 'main.o' failed
make: *** [main.o] Error 1
